791375 793107 437
404018 707295 509
256622 744095 509
512548 879038 525
1289 179151 383
941438 582216 525
586681 785898 509
414916 298587 449
702047 4977 509
928609 387955 525
275103 68162 443
457433 298393 449
933045 451542 525
1940 447463 449
761205 203635 509
319841 4650 443
891542 7698 525
684442 358603 509
908847 565496 525
382321 141104 443
129204 533616 470
471934 435692 444
441189 573026 470
270712 371162 441
73510 825188 509
550352 306759 470
796177 274563 509
448110 322829 449
955634 273018 525
906523 86244 525
989322 39569 525
490788 188051 449
874157 533880 525
118174 42456 354
691076 610108 509
646920 350189 509
445782 787488 509
989466 130472 525
180995 566282 470
816248 873083 525
460851 54245 449
734270 68664 509
725729 419324 509
174733 818469 509
565734 339989 470
903543 425445 525
873997 893167 445
857 274634 443
186292 833065 509
440280 392625 449
592310 928069 525
693037 898021 525
512678 739294 509
690949 927564 525
993236 142287 525
118873 364970 443
95710 771950 509
913078 995866 507
702522 293410 509
641152 157373 509
352744 344993 441
383009 415887 449
794657 822232 468
701119 278442 509
401548 382579 436
255102 8243 443
148695 477009 449
72441 52988 335
559696 20602 470
740830 586308 509
451513 164037 449
61114 636556 509
824629 264039 509
141992 777994 509
499878 350020 449
364219 413822 449
392221 315508 441
76040 189122 383
477753 389343 449
126990 420271 449
820456 861934 525
1 999999 525
223691 611653 470
661938 838677 525
588597 207267 470
891850 255990 525
977364 504271 525
220352 823356 509
34511 382452 443
782123 472644 509
954368 388568 525
987913 430013 525
135612 575299 470
388730 503505 449
260539 536930 470
327843 584766 470
452416 946521 525
459438 596746 470
957429 165150 525
98232 478840 449
619070 544794 452
30102 403560 443
302020 559846 470
302257 315593 384
468488 315522 449
183119 277970 443
951282 142143 525
688153 400290 509
975742 956334 458
855543 34043 525
889390 88957 525
740360 872696 525
691808 210550 509
867551 676883 525
979177 836908 525
409340 663304 509
463354 487438 413
470186 435912 444
205625 257304 443
267489 117508 443
374363 579569 470
128855 328506 443
171281 677928 509
74494 693422 509
619978 697380 509
132537 430051 449
363092 480602 449
388775 478324 449
380009 141011 443
385398 205131 443
827869 81769 509
767988 512637 509
941 102182 351
861036 889018 445
596859 925134 525
868431 671104 525
615254 488001 470
363874 515173 470
648826 59361 509
440426 997136 525
378732 924794 525
544667 725245 509
483852 15434 449
86463 761095 509
660480 341101 509
42361 785212 509
547126 949950 525
580093 97383 470
862164 450038 525
993974 372718 525
171718 801581 509
529937 341503 470
143276 467933 449
757980 14799 509
943616 77967 525
401452 786110 509
791331 666916 504
260407 19869 443
174522 750271 509
266159 1376 443
558447 778246 509
434509 404040 449
740537 253546 509
981392 499893 525
396664 217445 443
582912 204628 470
551447 165987 470
351403 264802 441
885706 407593 525
765028 18543 509
237971 949802 525
328630 856010 525
405121 758721 509
447494 450751 387
196611 907390 525
441505 195403 449
170843 251546 443
686609 732762 504
