1 10 20
100 200 125
201 210 89
900 1000 174
1 2 2
2 4 8
4 8 17
8 16 20
16 32 112
32 64 113
64 128 119
128 256 128
256 512 144
512 1024 179
1024 2048 182
2048 4096 238
4096 8192 262
8192 16384 276
16384 32768 308
32768 65536 340
65536 131072 354
131072 262144 443
262144 524288 470
85619 61870 351
445016 242926 449
853579 476365 525
307036 655121 509
987275 166089 525
329924 204020 443
841510 378040 525
670042 912513 525
613164 330978 470
241453 669453 509
607802 803255 509
482961 317863 449
272738 700793 509
774662 109916 509
81944 626106 470
763390 494352 509
581779 738603 509
538093 871258 525
677817 977519 525
45648 568455 470
679132 199453 509
783368 17414 509
661260 556743 509
81339 260673 443
164643 325350 443
762797 173524 509
106102 242899 443
986731 846476 507
523309 597652 452
336399 830429 509
263431 217124 443
264830 225395 443
332419 734734 509
618349 5142 470
132140 337313 443
906333 384300 525
488948 475154 413
217123 504018 449
246470 746609 509
326854 95394 443
913179 161596 525
271329 486121 449
726505 202015 509
835774 619980 509
254511 409386 441
630305 772189 504
427451 505325 444
364503 289919 441
220139 479422 449
179952 571149 470
743389 849769 525
226623 779621 509
166698 956692 525
723907 373764 509
312353 225853 443
817244 820224 450
681971 631593 442
163736 869905 525
768480 999604 525
734144 50256 509
84215 51990 351
953973 671597 525
33547 705624 509
29476 790427 509
72975 668268 509
658791 131284 509
480152 704340 509
284074 647007 509
896377 351069 525
111752 293498 443
787008 33263 509
557969 399862 470
601259 89126 470
959839 108482 525
385277 746429 509
562910 217979 470
651254 213437 509
250184 872881 525
324995 705148 509
51157 471726 449
687480 870593 525
53241 814390 509
448101 798822 509
83758 933902 525
355122 93075 443
512511 7346 470
17320 925290 525
996704 414617 525
876105 211249 525
693688 899121 525
988081 307213 525
507632 573234 470
668146 261771 509
76279 47442 340
707205 906278 525
664111 408353 509
519598 786318 509
108710 546494 470
547318 916537 525
452620 394265 449
324142 509397 449
26326 725355 509
357330 404515 436
99670 949817 525
363920 923450 525
891179 369006 525
284856 902117 525
83627 353464 443
522796 406852 470
691556 558881 509
192782 674201 509
637184 833835 504
803834 168536 509
403863 935310 525
857078 730190 525
167805 231136 443
837682 882305 525
824553 322361 509
889630 377040 525
322898 184597 443
997155 716504 525
927647 641241 525
850491 619899 525
831012 539879 509
391921 486016 449
607979 234024 470
796505 486058 509
91233 904111 525
501373 386297 449
167949 644229 509
264724 395151 441
754974 652784 504
445757 286982 449
733631 851770 525
588343 503670 470
491368 409916 449
874676 288057 525
485926 703851 509
443364 151424 449
478780 997377 525
411590 96401 449
924280 355760 525
496881 992924 525
124330 920362 525
680949 592506 509
905547 236150 525
903381 560768 525
612559 105049 470
340459 342583 335
879969 273957 525
572665 618593 447
126706 653981 509
145828 778994 509
687316 520406 509
22953 705452 509
647748 29912 509
554473 822797 509
486249 974679 525
704042 817849 504
335287 951966 525
966861 265010 525
679613 478729 509
597469 507643 470
221045 748825 509
237737 767513 509
437721 233112 449
584849 481822 470
525675 705614 509
207727 319445 443
121435 413107 449
888301 14811 525
307328 886679 525
274309 99835 443
583476 866046 525
