1 10 20
100 200 125
201 210 89
900 1000 174
176252 643550 509
465630 359855 449
409597 401257 405
934160 239240 525
265194 821388 509
632263 239968 509
333919 506777 449
490152 146027 449
524922 553802 452
539757 224415 470
574851 226811 470
616347 489275 470
688325 201593 509
75266 477767 449
393556 375455 436
415467 18957 449
400392 371481 436
67722 515049 470
764483 841099 525
400621 732983 509
891336 99544 525
76719 268981 443
618318 372637 470
494493 153220 449
389279 20646 443
258232 105796 443
212048 172076 373
451178 417919 418
82578 711060 509
797229 585763 509
511502 451358 444
703551 929982 525
583014 65782 470
290315 372679 441
750860 797668 468
391051 354465 436
524624 992947 525
548403 174124 470
626998 157610 509
149191 953894 525
495494 124919 449
825335 901345 525
299734 682661 509
388747 212922 443
385972 64908 443
456478 39329 449
864952 969472 507
331331 813052 509
800406 574653 509
210841 319499 443
517919 55844 470
588358 359312 470
742210 159315 509
320076 220366 443
714549 340332 509
7211 390373 443
191409 563512 470
661811 666982 442
184159 697689 509
592707 534313 452
189278 34706 383
787644 496055 509
283681 345675 389
551652 864108 525
329471 987576 525
488695 122836 449
200769 920309 525
799467 436508 509
244869 159261 443
829993 686877 504
782484 125619 509
540711 880571 525
620977 460104 470
563925 202035 470
37231 349398 443
81732 82412 307
155027 860795 525
229519 835961 509
464325 739967 509
782229 447289 509
513953 454615 470
91077 942646 525
598044 457603 470
107817 559225 470
90262 299218 443
512296 725624 509
123336 556998 470
955364 129581 525
572538 844195 525
566434 21365 470
585769 981923 525
249198 400272 441
443228 358404 449
452949 713284 509
936253 136014 525
906986 893239 445
957655 517916 525
882431 302448 525
425159 332723 449
917426 569548 525
591318 432987 470
305931 261580 407
203855 483761 449
177497 211850 373
85587 81222 320
163333 510466 449
237518 737577 509
333989 192356 443
245654 125768 443
382644 568082 470
397594 497256 449
334623 980054 525
238641 692817 509
879381 365087 525
520720 684948 509
148397 692571 509
248369 190525 443
451602 441209 387
653438 836706 504
757938 299107 509
884034 860826 432
324281 96828 443
774803 517214 509
231764 58477 443
453233 110404 449
153956 796458 509
417607 531615 470
340895 230687 407
517508 572750 452
549927 722241 509
336639 588586 470
275148 442147 449
140964 701278 509
114339 27552 354
360322 973666 525
696571 353391 509
809368 727714 468
513392 450042 470
330501 446424 449
209367 476767 449
655128 616017 509
654219 757105 504
510227 801320 509
280329 765169 509
720693 222552 509
231621 209408 443
