1 10 20
100 200 125
201 210 89
900 1000 174
477128 477193 258
785070 786197 375
889857 891122 339
3371 3417 181
211522 212842 355
316136 317674 353
676171 677575 305
540269 541007 408
585585 586962 359
228664 229776 293
650635 650872 248
42527 43512 257
258471 259874 301
332166 332743 322
289511 290875 327
85511 85937 302
343691 344490 304
543071 544820 359
33300 34862 311
86046 87722 333
59917 60254 317
806829 807916 406
603321 603703 297
721744 723232 411
209844 210350 342
797252 797363 269
801936 802522 388
493430 495853 395
809137 810968 406
367473 368522 317
268650 268682 252
305136 305262 265
629583 631449 341
13660 15385 271
113472 114790 305
125535 126219 318
768204 768907 331
540518 542526 408
129646 131534 344
812158 812765 357
512699 514804 364
713161 714891 380
4260 5181 215
766606 768695 468
868134 868844 357
647800 648569 341
22034 23661 282
119295 121050 318
135615 136435 313
229414 231387 443
267020 269062 345
377238 379411 361
488548 488940 320
537625 539934 346
136261 137576 331
261087 263477 407
535094 535665 302
691641 693484 442
59519 61566 335
422979 424168 418
252551 253185 301
639456 641273 416
124084 124529 287
435265 436042 281
749349 750010 393
293292 294343 327
663313 664439 367
750951 751395 331
91382 93604 333
31864 32699 267
645537 645770 279
382295 382695 361
363371 365483 361
416929 418130 343
364449 365756 361
653024 655011 385
549121 550214 315
7261 9196 252
843975 846387 401
429103 430303 312
180717 180733 210
29532 30838 272
861830 863121 326
478151 479931 351
680761 681824 336
462871 464362 325
677681 680027 380
164305 166638 352
130427 130798 331
672824 673648 336
858498 860737 370
836066 838125 525
578435 579437 359
90328 90642 284
47556 49379 296
405261 407107 405
561024 563062 359
11385 12818 263
718208 719139 336
124408 126571 318
440125 440211 188
655348 655926 385
308238 308977 327
14737 16913 271
685222 687560 398
94072 96230 328
305276 307735 309
771748 772145 362
498509 499650 395
655117 656139 385
854636 855437 300
843073 844487 357
437082 438492 387
252951 254018 332
867493 868543 357
64712 65019 268
441559 442300 294
667233 668967 367
257255 259567 332
445610 445809 325
346185 347693 348
531700 533835 377
312490 313070 353
215352 216079 280
400415 402115 387
330895 331162 247
464110 466350 369
339688 341111 366
546094 548343 452
565260 567330 359
451647 453731 369
277033 277944 389
437533 439616 400
644726 646400 323
404365 405959 405
863867 864262 295
862843 863715 313
238148 239908 350
877809 879991 357
355797 356749 348
747331 749344 393
713275 713404 305
360469 360766 291
123509 124790 318
44227 45491 314
230985 231254 350
248248 249757 350
241502 242649 319
444960 445318 338
75777 77223 351
