98320 98047 266
97969 63197 351
60963 46918 340
52260 46886 314
5834 81592 351
32486 67820 340
33661 96361 351
20342 10653 279
22827 1755 279
94874 17709 351
98915 31972 351
51764 22249 324
65116 26781 340
68289 31058 340
112238 24892 354
104433 15247 351
30593 86519 351
26573 102037 351
54853 66666 335
73035 77634 351
94444 95910 328
105415 79622 341
32010 12911 308
56242 45554 340
207 79476 351
10873 20207 279
43422 79877 351
6925 106397 354
15792 80207 351
40428 62953 340
45102 87860 351
82629 2281 351
74298 101148 351
99201 14115 351
6987 47411 324
85330 61365 351
95950 109671 354
16104 25827 282
59176 74395 335
5500 49348 324
63422 38867 340
1773 112190 354
51166 73954 340
28332 73977 340
2318 65567 340
64218 108373 354
38263 46569 314
84151 77384 338
51670 44388 314
84240 35691 351
76936 87812 351
7591 10046 260
15055 55796 340
15133 92565 351
24838 101859 351
60122 16279 340
50907 90553 351
51708 8321 324
8090 44963 324
38726 10708 324
83642 83605 165
59584 26644 340
42561 96360 351
46673 9905 324
102447 92313 341
40033 8102 324
76130 10470 340
39108 30134 324
84234 44917 351
35074 44514 324
93435 50721 351
56026 22252 340
65028 18600 340
5392 15039 276
66297 15427 340
84096 52890 351
95736 18425 351
9216 22567 279
4181 4169 158
27944 38611 324
38090 73264 340
15969 20179 279
15359 41735 324
38022 99998 351
99336 7257 351
45497 107953 354
18334 109367 354
54348 12999 340
46449 97145 351
38594 63622 340
92452 30083 351
60381 72696 335
26031 44546 324
103423 65254 351
72004 75050 325
88039 16651 351
102324 48660 351
24284 50991 324
75882 39283 340
13060 27554 308
100266 70047 351
69422 28009 340
43529 56174 340
69078 23269 340
74279 48546 340
102959 49285 351
85862 14606 351
64827 35385 340
33889 60123 340
843 82486 351
112659 59769 354
25844 111951 354
36242 54572 340
19246 9156 279
11809 28606 308
39874 67809 340
79162 4251 351
24279 17827 282
48858 99725 351
32232 24759 308
57579 62577 335
57627 38426 340
48745 104194 351
9318 99522 351
44475 66838 340
75745 28240 340
40154 61777 340
63212 111907 354
49182 36313 314
69047 63748 312
68611 30421 340
95597 61569 351
52737 92798 351
9358 84021 351
33359 63837 340
59543 2276 340
26528 11598 282
76076 75629 294
90406 18509 351
18786 73655 340
111210 11002 354
106195 107149 354
30999 102595 351
107155 63107 354
30804 25983 308
16996 24918 282
64088 62896 330
27020 110312 354
13706 34258 311
9440 110658 354
26389 64392 340
66389 39637 340
52264 5899 324
31855 3518 308
47281 24162 324
68192 65313 312
54687 64015 335
37015 85344 351
105365 37871 351
63839 64847 299
95634 33048 351
35395 99407 351
88195 64656 351
67124 21204 340
51862 110037 354
42367 21577 324
105555 109122 354
3906 50054 324
79872 81525 320
91823 30872 351
1437 67131 340
19496 1655 279
112511 77300 354
50688 100372 351
11588 38502 324
8305 100757 351
108464 70140 354
40003 41864 288
111795 64266 354
42632 89988 351
8618 32403 308
54849 95295 351
4171 49373 324
29346 22216 308
20311 58595 340
34888 12090 311
85988 36567 351
88004 37298 351
28175 67154 340
36364 56175 340
41091 60158 340
102597 68865 351
22798 25659 282
43374 105018 351
52809 91082 351
65415 32004 340
31921 5678 308
8374 67173 340
58638 562 340
1334 33979 308
