1 10 20
100 200 125
201 210 89
900 1000 174
965959 975663 458
383354 194211 443
180783 504755 449
818527 808371 406
68150 489897 449
402995 233064 441
751459 93474 509
706767 732032 411
596416 766667 509
943582 85816 525
177962 768986 509
321379 908888 525
757775 26968 509
970957 689710 525
934543 342411 525
141901 546387 470
942935 413542 525
169594 592482 470
547754 630376 509
270403 602349 470
415638 139830 449
924207 775305 525
526397 905674 525
698564 297605 509
178653 972187 525
968198 885936 507
151508 431403 449
169005 164338 352
895421 558819 525
615727 678921 509
524388 910949 525
38743 70193 340
536088 470096 470
290685 550056 470
421694 606139 470
684011 489400 509
29218 441848 449
565424 289348 470
1134 390552 443
5933 130525 354
704305 218287 509
994202 621357 525
489153 806105 509
451734 618309 470
518625 879590 525
475826 640745 509
97987 894564 525
77743 234632 443
675839 709996 504
705338 965456 525
737581 862223 525
614063 528065 452
849425 960403 507
628642 405880 509
140187 78957 354
871226 618861 525
734578 688615 504
577734 697885 509
299952 633624 509
720984 837120 468
891976 986081 507
159774 247748 443
727562 974867 525
652852 541332 509
807772 610982 509
475898 583380 470
870208 538117 525
654078 786062 504
247359 306541 407
668345 682091 385
101133 139412 354
580626 884007 525
454510 296179 449
817664 656170 504
484575 615216 470
821682 143127 509
635586 589469 509
193121 184784 360
781591 356618 509
37778 382889 443
342551 347392 441
880459 553595 525
239798 608868 470
797236 430445 509
371721 500165 449
355690 624008 470
466724 951203 525
441246 71682 449
373149 408007 436
938431 311571 525
762115 88473 509
316419 515829 470
425183 819521 509
752301 542186 509
682185 475439 509
909898 98288 525
490982 777670 509
434451 250479 449
410899 179567 449
33793 919463 525
893833 580596 525
387691 538885 470
341313 367444 441
73281 474346 449
479937 930360 525
472516 522262 470
153803 521830 470
519629 61496 470
514679 78837 470
772370 211469 509
143089 10055 375
320634 900578 525
843356 584148 525
93723 811700 509
373244 489664 449
344953 151968 443
38526 418586 449
652481 637988 416
964841 449700 525
333348 778714 509
243614 491536 449
129099 506418 449
533062 144228 470
373601 49019 443
98661 311672 443
991549 372795 525
370917 444221 449
551110 516730 452
896013 71013 525
446824 246638 449
430451 646071 509
387306 373178 423
427830 290299 449
290897 409040 441
739751 896806 525
862161 436309 525
628839 51740 509
560238 531332 452
657777 406088 509
989270 40435 525
429757 521522 470
177353 824771 509
215254 722151 509
227721 660895 509
728478 645408 504
491464 726682 509
