1 10 20
100 200 125
201 210 89
900 1000 174
101780 102994 310
20190 36844 324
29111 59000 340
34584 59633 340
752080 752276 274
548753 550906 346
217011 226106 368
33724 98802 351
398151 401848 387
61504 105891 351
119226 123633 336
342809 347321 441
78576 93988 338
72992 101909 351
124179 131955 344
1298 37430 324
22508 45173 324
123436 132499 344
3867 33394 308
49948 99465 351
65670 102143 351
3520 17296 276
75755 90260 351
99014 101355 341
450 78900 351
60081 108946 354
16287 27662 308
325801 325888 322
65971 86191 351
69399 103183 351
57003 109921 354
6950 16907 276
173660 176308 334
230930 232921 350
69265 90163 351
6428 63076 340
21203 78094 351
41985 54648 340
37906 81093 351
56534 77407 351
1623 60017 340
51802 83790 351
127853 128256 331
60423 86883 351
41809 88621 351
120720 133114 344
53983 94863 351
17806 111358 354
23478 98562 351
219314 225912 368
10732 70066 340
9170 26684 308
64660 69226 312
35333 45939 324
6328 82249 351
103410 105737 341
738840 746158 424
19504 89525 351
28683 37218 324
53388 108246 354
40530 72478 340
101767 111990 354
657529 658805 398
16643 18258 279
988852 990763 352
35258 77097 351
63065 77065 351
8028 17587 276
590781 593562 403
26934 94569 351
52164 98806 351
300135 302245 340
8962 76431 340
35237 82151 351
40595 90474 351
71369 109360 354
153407 155044 352
59968 79067 351
48352 88681 351
229443 232129 443
36579 70514 340
126872 127999 300
83167 99798 333
18600 48316 324
50273 108642 354
19755 113184 354
22069 72243 340
92036 103742 341
19130 106550 354
21002 45954 324
661998 664419 367
41802 52573 340
738567 740584 424
67993 72335 325
9493 93761 351
27559 34990 311
429514 429858 281
27846 65499 340
82857 91035 333
2638 46209 324
140484 147304 375
12674 113333 354
19126 72322 340
30496 62026 340
40041 78840 351
86501 102862 341
593943 599349 372
39246 54910 340
51462 69217 340
34609 58515 340
659896 663701 323
440070 445651 356
91213 94166 333
76929 99536 351
11992 33985 308
23415 27945 308
24861 105126 351
87966 88812 333
43414 100567 351
9748 51904 324
69733 106925 354
406635 407135 343
19822 79674 351
32827 40932 324
75518 107722 354
681141 687162 398
11691 75693 340
248032 251018 350
48873 74815 340
41820 80531 351
49704 70524 340
37926 109066 354
21437 51327 324
35084 67012 340
2888 70826 340
122483 132048 344
800426 803680 406
637091 637506 354
10688 94420 351
8120 81134 351
78316 86939 338
274 34558 311
100576 109439 354
76521 80778 351
56711 102689 351
60157 82750 351
7452 9313 260
742 85441 351
643292 645123 279
41071 49226 314
