1 10 20
100 200 125
201 210 89
900 1000 174
402470 141226 443
100624 458054 449
462726 94015 449
837723 257896 509
332972 93629 443
240066 582204 470
338785 795886 509
407891 856240 525
92232 823427 509
267868 653777 509
201815 662796 509
397050 475274 449
204658 505539 449
285183 989515 525
648037 213186 509
952767 572165 525
995390 897621 507
47031 754257 509
303045 770730 509
775963 82864 509
37210 952229 525
701435 21805 509
651177 551440 509
555473 270559 470
540875 727984 509
858025 173515 525
832764 314354 509
774317 99110 509
61429 850884 525
139980 610551 470
882022 202113 525
972743 109339 525
91410 930948 525
385816 680547 509
67526 121694 354
749247 494551 509
809975 511074 509
375978 827102 509
596471 244317 470
304447 425653 449
569748 78563 470
351370 822237 509
6605 498052 449
64958 877586 525
300594 346590 441
358762 656309 509
505431 693260 509
121913 489611 449
894644 478524 525
26597 954782 525
634908 825695 504
807354 276801 509
28568 815673 509
757891 268977 509
63584 79512 351
282899 322775 389
408821 973729 525
980657 816555 525
952478 181765 525
917793 206706 525
480765 304403 449
48331 579751 470
860300 79016 525
797515 876664 525
130106 437377 449
546708 864487 525
17436 417265 449
810817 322385 509
153937 97453 375
840762 682572 525
144375 39429 375
627455 770089 504
913348 353966 525
911252 499672 525
589954 272442 470
561289 984171 525
851625 811048 525
307493 182707 443
868826 158872 525
368047 753223 509
161526 453079 449
449432 989475 525
45785 844056 525
82056 1708 351
369655 592388 470
988291 432273 525
225489 191912 386
790136 904462 525
235603 142605 443
721318 175690 509
764877 107237 509
864683 136673 525
831692 849377 525
182891 397372 443
568532 729760 509
351385 110043 443
525117 901057 525
978021 165044 525
784039 778137 437
504706 251445 449
814108 622144 509
538067 781670 509
954816 867526 507
428529 515818 470
750775 84739 509
694235 284324 509
118867 667596 509
299963 770743 509
74104 422146 449
130705 582053 470
105551 753028 509
416318 595801 470
424867 567620 470
678255 238272 509
318427 717367 509
107300 190353 383
402452 908518 525
945628 410286 525
242651 833442 509
