196913 808885 509
682463 79 509
502790 141904 449
969128 16 525
321129 996835 525
391703 347601 436
133 794448 509
841060 502 525
431794 228519 449
3798 195 238
6665 410393 449
90683 379204 443
58 414397 449
776328 148991 509
535806 610166 452
4 60970 340
536296 940836 525
617688 305067 470
919344 383388 525
55962 462286 449
14685 28 276
7696 974283 525
24138 359611 443
317259 697209 509
767877 76541 509
194016 618080 470
834275 229901 509
79 11585 268
39896 7098 324
675084 78235 509
969205 449475 525
403093 4694 443
632457 91576 509
299655 613663 470
2796 52239 324
55823 804802 509
982066 296093 525
84 486488 449
7853 166286 383
746619 573128 509
60938 205442 383
32363 14 308
155674 849848 525
296 601625 470
872295 3451 525
368553 359071 410
929682 755234 525
846033 635166 525
74 222404 386
72826 752193 509
95438 574978 470
39707 423415 449
77820 214016 383
51911 674536 509
63194 2981 340
17750 292387 443
995105 257354 525
98122 46458 351
82384 332918 443
5199 205664 383
474 246698 443
6840 578464 470
82608 489974 449
630384 97 509
787435 492593 509
876 1605 182
9803 4670 262
182071 6036 383
33717 567 308
6438 593780 470
555123 293237 470
2110 816 182
540995 570480 452
1779 1036 182
1 636820 509
298822 723460 509
300597 557726 470
417652 273486 449
84 580947 470
362177 372846 392
60 310072 443
698834 429 509
948 651511 509
638570 6456 509
85324 9560 351
7 5669 238
7661 264805 443
89274 554 351
29677 178772 383
603890 110585 470
7680 785 262
835 6 171
453 7156 262
43113 50 324
44500 539869 470
818522 9131 509
102629 538 351
500247 228818 449
153 614077 470
40146 814766 509
505584 184 449
612 387531 443
9311 52 262
75 980319 525
781 646 171
608260 414004 470
412939 775543 509
21579 124698 354
85367 52246 351
98 111 114
440832 19 449
2 350 144
628061 115414 509
659 67 145
60331 107228 354
709278 985128 525
88 571625 470
678066 153 509
795 455677 449
9 279873 443
622796 138434 470
530653 595624 452
867491 347064 525
314633 437430 449
689273 174769 509
191544 497466 449
471919 511941 470
477985 571643 470
334703 35827 443
187690 93967 383
783135 339725 509
535018 94683 470
340628 44585 443
373981 335001 441
616798 26114 470
924364 963032 507
289816 629266 509
19910 548505 470
539023 38267 470
44497 336711 443
648654 443769 509
475139 513819 470
203730 960272 525
811118 255051 509
690747 258642 509
771596 832880 468
284940 467155 449
288074 994969 525
623920 524640 452
230121 283525 443
797717 530380 509
587257 151210 470
244734 599439 470
535818 66204 470
560782 459275 470
633722 491352 509
257423 447094 449
856581 813418 525
476273 116055 449
526348 576745 452
