1 10 20
100 200 125
201 210 89
900 1000 174
20 50 112
201 300 128
199 250 128
545 605 137
1500 1001 182
500 251 144
100 1 119
1000 101 179
1 1000 179
1001 5000 238
501 1000 179
99 999 179
229695 640139 509
998907 157939 525
388970 891371 525
230304 960453 525
104860 639868 509
374454 493488 449
824690 548012 509
921414 11567 525
398488 285514 441
569228 911096 525
660692 70552 509
689176 290699 509
140368 700799 509
110853 156181 383
312724 34290 443
980733 49496 525
165263 873510 525
176071 297788 443
382300 914637 525
802759 51417 509
757221 675305 504
368888 676338 509
756821 166398 509
767334 893798 525
968823 638059 525
510039 906857 525
712472 873103 525
622422 573372 447
44110 538597 470
858192 608009 525
44602 650775 509
686808 613059 509
218369 730336 509
437845 338681 449
484685 446335 444
928045 521607 525
795164 494411 509
808891 443449 509
659850 133999 509
756951 71121 509
188030 675328 509
499133 503962 426
900027 948054 507
28301 47950 324
716380 854226 525
845969 484933 525
346115 694859 509
999446 850596 507
726352 841371 525
537962 16646 470
321627 688869 509
813756 663647 504
109232 264212 443
852298 186644 525
101226 862602 525
342838 281186 389
596342 796999 509
718284 612895 509
30820 867864 525
800263 484690 509
252429 993193 525
144689 806458 509
665661 236572 509
546925 501415 470
824042 37915 509
145455 892417 525
695680 773353 504
855403 515327 525
80394 38254 351
887303 605492 525
860927 911692 476
847803 520810 525
6109 875855 525
183311 959915 525
919642 302101 525
820130 196513 509
129678 915014 525
197514 540336 470
743604 645938 504
10865 712553 509
553440 756472 509
533300 761034 509
766816 632802 504
703106 65113 509
565661 41534 470
390152 838131 525
203234 955583 525
770324 60841 509
211059 309210 443
319802 68036 443
366891 319337 441
176636 5650 383
484094 602551 470
552481 965595 525
822110 741890 468
804251 708827 468
190910 687885 509
126238 755366 509
985371 158536 525
841460 505418 525
767189 999027 525
789050 337868 509
205582 545942 470
576902 606096 434
265870 391310 441
492686 583808 470
456032 414736 418
894596 452777 525
478737 57056 449
671478 836490 504
359925 461447 449
16811 754634 509
520070 378960 470
52575 787412 509
245874 333752 407
648497 120125 509
906171 408264 525
626327 762713 509
746178 907483 525
643147 786859 504
136636 220140 386
343308 383880 441
305940 105762 443
916540 96298 525
188450 513104 470
188349 266240 443
254810 797775 509
220001 973712 525
262132 371685 441
44371 392726 443
669824 490610 509
358149 482885 449
392384 705922 509
763163 503172 509
333452 939200 525
59157 686208 509
533976 425446 470
831607 75605 509
32862 467 308
900886 414783 525
153607 426805 449
777653 790860 437
120293 385959 443
802695 567799 509
687746 953457 525
944003 299278 525
389236 562400 470
14607 357904 443
111180 225434 386
755710 450256 509
