1 10 20
100 200 125
201 210 89
900 1000 174
9 9 20
900 100 179
158943 116935 383
88308 123694 354
46812 43798 314
58817 11164 340
24599 126271 354
19428 129804 354
412343 412975 343
514712 60114 470
706301 997024 525
217129 24550 386
101625 308532 443
733019 6232 509
261194 867635 525
75596 47483 340
974131 383049 525
953328 821385 525
51908 353334 443
522325 613521 452
775094 585487 509
529050 535742 377
116979 19687 354
113156 28769 354
168872 172754 334
56972 131362 354
887 557 179
223214 413855 449
303135 892935 525
234995 111471 443
827770 588070 509
562355 559586 359
962803 462758 525
513545 485583 470
54225 408046 443
906691 743208 525
145348 367036 443
424206 336282 449
445932 692832 509
759108 244048 509
234 829792 509
875314 509063 525
765795 699302 504
579654 249732 470
231791 938433 525
421886 570216 470
118742 19712 354
709416 118314 509
636568 691071 442
642898 476412 509
825634 92429 509
547357 809752 509
281850 437870 449
617642 663441 509
31642 547312 470
602136 348245 470
103198 577145 470
791412 326333 509
80169 46084 351
524521 873577 525
306249 965945 525
416584 72192 449
333066 326856 353
522041 33601 470
906655 246068 525
9788 133852 354
887888 149400 525
335251 682607 509
51674 370167 443
712045 864974 525
708042 106988 509
782577 39269 509
93582 87654 333
930452 28182 525
883498 297314 525
413107 888478 525
61226 29377 340
550495 25686 470
440705 181951 449
29297 752858 509
844890 331455 525
670941 910271 525
933103 600044 525
233016 331357 407
148916 855794 525
507100 727363 509
816479 190616 509
166536 722846 509
794880 78571 509
887206 712480 525
913001 483236 525
747374 9549 509
109421 742250 509
954630 330525 525
918976 369623 525
254307 368686 441
501196 549095 470
430588 387924 449
302020 559846 470
302257 315593 384
468488 315522 449
183119 277970 443
951282 142143 525
688153 400290 509
975742 956334 458
855543 34043 525
889390 88957 525
740360 872696 525
691808 210550 509
867551 676883 525
979177 836908 525
409340 663304 509
463354 487438 413
470186 435912 444
205625 257304 443
267489 117508 443
374363 579569 470
128855 328506 443
615261 854183 525
222646 437490 449
497990 690085 509
155682 424460 449
586744 125590 470
264704 448777 449
471127 813701 509
629099 580704 509
504228 232974 449
81371 536042 470
135423 15381 354
186657 726078 509
641663 466671 509
583274 652170 509
849497 80932 525
993236 142287 525
118873 364970 443
95710 771950 509
913078 995866 507
702522 293410 509
641152 157373 509
352744 344993 441
383009 415887 449
794657 822232 468
701119 278442 509
401548 382579 436
255102 8243 443
148695 477009 449
72441 52988 335
559696 20602 470
740830 586308 509
451513 164037 449
61114 636556 509
676113 483161 509
354092 608323 470
724150 624808 509
517439 202089 470
498734 385345 449
74848 514522 470
344848 107650 443
449412 390839 449
614708 648317 509
107688 954567 525
124574 714203 509
166077 172863 334
377977 292295 441
228997 90384 386
312076 321274 384
283183 832053 509
271096 403943 441
863451 795056 525
139705 720147 509
460848 484503 444
779887 494819 509
299445 586186 470
620016 317375 470
537119 242867 470
557828 106767 470
274412 798457 509
1972 853356 525
895668 856646 445
458760 811094 509
595682 706229 509
387319 245669 441
874256 903342 445
