1987 96325 351
97785 68494 351
574648 571096 372
143736 2414 375
320880 324002 353
298971 296898 371
104414 32798 351
742269 739637 393
31975 155671 375
67017 88877 351
145974 2421 375
41133 53878 340
529957 532649 346
16201 60586 340
126875 102375 354
633469 632217 354
112033 11424 354
111286 77794 354
59698 29060 340
17700 152910 375
81968 70557 351
899313 899236 251
62847 141457 354
755846 754823 362
80754 21729 351
19776 29051 308
136263 40867 354
313195 294136 384
264058 269871 345
152955 11029 375
86404 108300 354
170784 207236 373
37667 69850 340
384413 388570 348
23415 35595 311
597998 582824 434
35063 86237 351
99148 112519 354
121347 80860 354
12525 141020 354
57375 86111 351
139239 39981 354
980616 976504 383
180876 190437 360
977067 980878 383
53561 39820 340
321368 336977 384
135761 26839 354
37870 140530 354
260210 254289 363
730468 727536 380
79982 114517 354
158943 116935 383
88308 123694 354
46812 43798 314
58817 11164 340
24599 126271 354
19428 129804 354
412343 412975 343
529050 535742 377
116979 19687 354
113156 28769 354
168872 172754 334
56972 131362 354
81575 121262 354
972058 964875 458
15220 2600 276
41538 84657 351
192282 177696 365
621984 609171 447
675747 684094 385
576378 576981 390
141612 2661 354
44172 128965 354
18697 70921 340
516498 532930 439
61761 13013 340
719401 718229 336
59666 59750 242
153479 44058 375
67060 154333 375
492521 493337 426
433214 449593 400
156111 44640 375
92366 35927 351
151719 76166 375
462351 474693 413
18007 143455 375
616903 610766 447
744091 743078 318
618284 618978 310
124492 128415 331
69183 129433 354
396949 405003 387
40918 116351 354
535955 530075 377
355481 335837 441
23961 7230 282
89385 69868 351
438477 441252 400
