1 10 20
100 200 125
201 210 89
900 1000 174
338 4884 238
1 20 21
1 100 119
1 1000 179
1 1001 179
383 4994 238
3 94 116
4 44 112
4 99 119
6 92 116
383 404 121
363 484 134
3636 50505 324
5855 67120 340
25389 51641 324
1073 14233 276
85598 8117 351
93652 3395 351
44403 35143 324
47967 99763 351
96014 7987 351
13706 11977 276
36874 91043 351
9900 80241 351
35865 79965 351
848 26208 282
34901 96694 351
47 959 179
3 45848 324
7477 8595 252
234 941 179
3280 4885 238
4416 4966 210
499 2924 217
4579 3185 238
900 3976 238
2774 4444 238
2315 4309 238
4932 846 238
874 983 174
1532 4279 238
5758 195 238
1575 848 182
8691 6619 257
2886 2690 173
4991 6478 262
3281 1017 217
641 510 137
4 94 116
787 3733 238
90 909 179
900 1000 174
1 1 1
2 2 2
1 2 2
7 43 112
3004 30664 308
35621 18194 311
112325 61716 354
52618 90047 351
768 1986 182
7004 73388 340
57817 83798 351
38161 89758 351
3887 21379 279
41611 48924 314
106564 33532 354
32869 84215 351
30011 19022 308
40230 68974 340
32918 95242 351
33 949 179
3206 52860 340
433 994 179
8663 35970 324
101 20000 279
102 30000 308
103 40000 324
104 50000 324
105 60000 340
106 70000 340
107 80000 351
108 90000 351
109 10000 262
38 39 35
474 2622 209
484 4848 238
33 373 144
4888 37474 324
383 38447 324
89 91 93
3 7 17
1 54 113
393 484 134
1 38383 324
2 49494 324
3 4494 238
