5 5 6
1 10 20
100 200 125
201 210 89
900 1000 174
100 50 119
235685 17942 443
44927 295840 443
887608 288091 525
661380 230839 509
71540 508734 449
911561 513518 525
266512 230715 407
427292 860907 525
720540 100936 509
128008 381603 443
748895 429801 509
195598 456590 449
678201 162511 509
601600 373875 470
970599 355711 525
324829 447139 449
602163 674306 509
971533 113342 525
725819 421133 509
438608 466838 444
726804 403223 509
193638 106577 383
293901 3697 443
996505 713807 525
854602 629316 525
929129 7683 525
960362 787900 525
326019 106407 443
256733 600145 470
597068 934357 525
679417 434834 509
639558 720083 504
534932 81842 470
944517 673755 525
877199 964633 507
918723 571033 525
175778 780653 509
155396 430746 449
901910 235196 525
926008 728094 525
514712 60114 470
706301 997024 525
217129 24550 386
101625 308532 443
733019 6232 509
261194 867635 525
75596 47483 340
974131 383049 525
953328 821385 525
51908 353334 443
522325 613521 452
775094 585487 509
165795 419607 449
198305 306898 443
456439 880044 525
556045 857773 525
556779 284011 470
285052 106994 443
585048 848261 525
66935 293691 443
822108 128689 509
579461 499026 470
594098 339595 470
33415 171751 383
114812 696216 509
491161 211291 449
115592 651102 509
176168 735457 509
951458 14267 525
985507 331127 525
330231 677640 509
947128 399751 525
279583 892093 525
621611 350770 470
303112 238825 407
802412 804576 331
214900 803712 509
790486 602101 509
394578 704359 509
913683 426822 525
148916 855794 525
507100 727363 509
816479 190616 509
166536 722846 509
794880 78571 509
887206 712480 525
913001 483236 525
747374 9549 509
109421 742250 509
954630 330525 525
918976 369623 525
254307 368686 441
501196 549095 470
430588 387924 449
615261 854183 525
427591 756263 509
624010 204263 470
650872 959983 525
811814 524221 509
702978 713348 504
481797 172430 449
491431 147574 449
770215 162967 509
294720 969886 525
450816 87830 449
112102 145591 375
905869 561517 525
289632 546590 470
857735 82960 525
617127 764270 509
453710 839283 525
963037 443256 525
148452 517867 470
211982 300915 443
692734 693204 367
446910 58554 449
91703 357136 443
847754 714115 525
345756 53912 443
159967 496871 449
731321 378097 509
294633 386784 441
559369 310957 470
750561 161546 509
241943 736578 509
141560 295311 443
204014 391340 443
539711 604935 452
142335 528225 470
86978 524846 470
714916 690492 504
919588 154045 525
222206 196175 386
354934 904887 525
722700 270822 509
152705 619633 470
942606 938001 507
751487 273612 509
