1 10 20
100 200 125
201 210 89
900 1000 174
1 10000 262
10001 20000 279
20001 30000 308
30001 400000 443
1 26 24
28 33 107
1 35 112
500 900 179
300 600 144
1 300 128
300000 500000 449
600000 800000 509
600000 800000 509
300000 900000 525
100000 1000000 525
1 1 1
888888 999999 507
1500 2500 209
5000 60000 340
60001 80000 351
800 565468 470
6548 65798 340
625 654897 509
999999 1000000 259
90909 99090 333
87989 889865 525
65465 65489 193
98799 99999 328
99999 999999 525
654696 795466 504
654686 654787 323
123456 123457 88
12345 123456 354
1234 123486 354
1 800000 509
2 200000 383
8 800000 509
654 654654 509
123 123123 354
123 456456 449
500 501 111
500 500 111
6546 897987 525
654798 789454 504
111111 222222 386
11111 22222 279
1111 2222 182
111 222 125
11 22 21
1 2 2
123456 456789 449
10000 80000 351
80000 156879 383
6546 698765 509
6549 698465 509
12345 49836 324
8597 65465 340
1 10 20
10 20 21
20 30 112
30 40 107
50 100 119
100 300 128
100 900 179
400 900 179
400 4000 238
500 5000 238
599 12030 268
138912 142132 344
1919 129319 354
1512 14515 276
123 131545 354
12326 34522 311
123123 321232 443
12312 123123 354
466 546226 470
2624 23462 279
6234 23462 279
234 2345 183
2436 76335 340
4245 724752 509
562234 655555 509
2 2 2
1 1 1
10 10 7
100 100 26
100 10000 262
2351 462436 449
1436 684467 509
3653 354635 443
35635 322222 443
2342 23424 279
4444 44444 324
666 66666 340
66 666666 509
1000 100013 351
