1 10 20
100 200 125
201 210 89
900 1000 174
1000 900 174
210 201 89
200 100 125
10 1 20
1 1 1
653858 478059 509
642553 35586 509
858850 907327 445
559400 671839 509
761814 594102 509
386409 266748 441
156943 71354 383
850787 117092 525
866954 895562 445
331052 763059 509
330912 760746 509
372019 815290 509
630455 23969 509
34199 747546 509
209550 42891 383
672062 900648 525
165003 558960 470
475839 874713 525
578533 127277 470
617119 429066 470
223906 13095 386
386607 118183 443
599633 961093 525
300359 455655 449
135083 490093 449
63201 518248 470
268522 862851 525
651130 127960 509
312796 496954 449
93405 799927 509
339161 301051 384
281102 825857 509
725492 245434 509
957340 998140 458
836117 729443 468
314775 28763 443
167350 374606 443
803756 322877 509
812787 582933 509
103520 568646 470
464637 408528 449
554593 120610 470
827738 966209 525
827463 851921 525
807185 209724 509
689533 931403 525
916452 183368 525
11051 981179 525
934997 631258 525
871020 28989 525
252005 10538 443
861851 399385 525
648949 487426 509
521402 916021 525
505786 325214 449
474119 925197 525
139816 330784 443
499770 510882 426
836030 395139 509
418 329495 443
207536 44734 383
708228 942846 525
658829 922986 525
723610 24560 509
520440 35303 470
989989 540779 525
557355 574552 421
848741 853033 357
858932 484751 525
987892 469668 525
644814 32674 509
313579 368237 441
43898 168445 383
158957 150093 383
153297 950393 525
693327 994672 525
715001 282719 509
860066 173027 525
80868 794139 509
31779 312910 443
158124 435001 449
465397 841061 525
84994 830983 509
404517 389998 405
991295 934501 507
532444 206550 470
509385 383062 449
834952 9747 509
896053 237803 525
72464 20618 340
584742 626533 509
392753 458619 449
257488 333179 407
743965 418312 509
553644 335933 470
236369 685060 509
451870 767772 509
673514 660190 442
945088 623076 525
964036 988371 458
985618 363323 525
392092 838013 525
636069 866787 525
6130 342689 443
417021 342612 449
79849 628960 509
811210 347417 509
30991 313158 443
71639 427036 449
286583 736025 509
635406 436175 509
793954 192465 509
497763 367500 449
531525 308389 470
788645 548497 509
226842 567006 470
777418 473459 509
775909 959176 525
572817 224116 470
846375 965501 507
478260 745910 509
739839 989562 525
961147 727725 525
646698 546335 509
47042 758360 509
966310 962738 414
763370 891590 525
566232 711650 509
810960 858760 525
438995 748368 509
165244 714305 509
364299 941155 525
287349 514264 470
486829 622933 470
223370 301198 443
617835 585820 447
303303 47542 443
190678 729762 509
788704 740869 468
274071 214713 443
973849 897200 507
753192 978480 525
813121 698215 504
537448 60007 470
316263 310892 384
844915 761471 525
10177 121784 354
956002 942253 414
720104 956857 525
521331 225463 470
