250186 324940 407
389763 839795 525
456421 615256 470
262957 450085 449
2275 20540 279
397715 660632 509
12265 37225 324
188218 616818 470
6192 107576 354
195684 505562 449
234643 716804 509
442338 691956 509
31432 490087 449
101256 308432 443
466555 711020 509
394627 556857 470
365768 420719 449
12437 195670 383
53788 527015 470
480842 523173 470
407072 628115 509
46878 160861 383
411750 648667 509
221472 620902 470
16314 255384 443
463779 476583 413
86849 406436 443
411093 480960 444
364820 509641 449
72804 141618 354
316758 785812 509
412198 691584 509
96418 514510 470
300687 723910 509
33463 430221 449
448466 911978 525
172672 228074 386
423094 735960 509
465353 481609 413
322691 412713 449
264446 726372 509
179405 382936 443
351738 353266 335
429526 544917 470
461639 957084 525
119793 303924 443
294550 771836 509
273280 428017 449
436903 536116 470
292134 539370 470
81953 216315 383
329031 821138 509
35151 78629 351
3071 444926 449
440786 810428 509
443309 714091 509
112862 564416 470
367581 524686 470
405759 864339 525
118594 552378 470
58524 248395 443
17842 390274 443
53935 341330 443
162859 475038 449
164110 584439 470
459215 826904 509
298426 425328 449
441617 820152 509
492860 889410 525
463812 901691 525
483795 653716 509
59303 557578 470
450065 775046 509
283360 654186 509
460563 923418 525
19619 36559 324
4673 9800 262
12890 35046 311
33044 83023 351
3969 10864 262
15921 49298 324
29586 32319 285
34268 36889 324
37985 40606 306
16976 23960 282
38085 86257 351
28235 66764 340
48172 71058 340
46543 81175 351
49581 50529 265
12593 23989 282
5251 22764 279
7595 21509 279
576 5824 238
14609 25022 282
7612 18990 279
3065 19141 279
1234 17375 276
9731 27407 308
16034 35638 311
9829 15212 276
1891 20831 279
5862 6932 262
8375 14587 276
10441 26536 282
501520 575900 470
518262 549567 452
531904 631685 509
511933 553653 470
559611 629232 509
582938 619854 447
579994 660579 509
506542 596308 470
543820 565793 452
559936 585816 434
531685 554702 452
570068 636334 509
518625 612986 452
501355 584263 470
595910 634536 509
808869 878440 525
847866 915244 476
753517 778529 468
793898 849865 525
819376 889932 525
758651 793197 468
793425 821128 468
777166 804118 468
778186 827433 468
851532 864172 419
890457 946496 507
834994 888775 525
802978 823702 450
837306 848227 525
762378 784531 468
22 42 112
74 101 119
26 48 112
72 106 119
33 60 113
52 83 116
31 68 113
23 47 112
29 59 113
20 45 112
43 69 113
34 65 113
95 132 122
59 84 116
10 49 112
