764586 794767 468
566051 317510 470
931270 952708 507
999999 1 525
1 999999 525
141527 451876 449
598939 287757 470
134805 151564 375
419734 308045 449
231231 993884 525
1 1 1
3 1 8
328897 597853 470
868951 826994 525
418693 899598 525
980145 761382 525
965506 930564 507
138530 111968 349
103338 352318 443
916273 531951 525
763677 652850 504
317849 306409 384
758079 348311 509
34799 461369 449
31737 81166 351
18612 62589 340
913035 839709 476
671415 69726 509
490198 76149 449
170569 286518 443
233752 661725 509
350267 10883 443
979150 277739 525
117122 440902 449
600588 489002 470
813087 387788 509
308735 626037 470
142588 887935 525
918708 110989 525
297845 67415 443
631670 353121 509
398311 351421 436
108372 866339 525
302349 472629 449
358936 204748 443
840068 199618 525
448056 213988 449
28345 854270 525
789402 822405 468
566787 887896 525
442998 146879 449
139395 804777 509
583800 944874 525
559712 678600 509
226025 514718 470
243905 726623 509
513192 731991 509
32460 194794 383
676521 185667 509
784605 251046 509
67770 219 340
109856 157457 383
967682 301009 525
411031 405054 449
967249 648773 525
79086 200358 383
152358 618389 470
708538 604247 509
982148 684588 525
533965 692047 509
547684 924692 525
567950 365965 470
518479 832034 509
722758 338713 509
170770 388605 443
20285 8375 279
603537 629041 509
104830 595241 470
142624 516647 470
643926 113655 509
493556 517671 470
320168 413325 449
664354 542017 509
711335 518219 509
528346 743420 509
191668 1784 383
407888 772669 509
943573 752478 525
222516 769968 509
995483 315522 525
620450 805501 509
788537 808203 468
380636 998679 525
308257 72419 443
731364 84689 509
614384 990846 525
965758 622901 525
252804 173176 443
249325 220494 443
630422 269238 509
628196 373351 509
210637 761583 509
296559 929311 525
