1 10 20
100 200 125
201 210 89
900 1000 174
9 9 20
900 100 179
887 557 179
223214 413855 449
303135 892935 525
234995 111471 443
827770 588070 509
562355 559586 359
962803 462758 525
513545 485583 470
54225 408046 443
906691 743208 525
145348 367036 443
424206 336282 449
445932 692832 509
759108 244048 509
234 829792 509
875314 509063 525
765795 699302 504
579654 249732 470
231791 938433 525
421886 570216 470
118742 19712 354
709416 118314 509
636568 691071 442
642898 476412 509
825634 92429 509
547357 809752 509
281850 437870 449
617642 663441 509
31642 547312 470
602136 348245 470
103198 577145 470
791412 326333 509
80169 46084 351
524521 873577 525
306249 965945 525
416584 72192 449
333066 326856 353
522041 33601 470
906655 246068 525
9788 133852 354
887888 149400 525
335251 682607 509
51674 370167 443
712045 864974 525
708042 106988 509
782577 39269 509
93582 87654 333
930452 28182 525
883498 297314 525
413107 888478 525
61226 29377 340
550495 25686 470
440705 181951 449
29297 752858 509
844890 331455 525
670941 910271 525
933103 600044 525
233016 331357 407
222646 437490 449
497990 690085 509
155682 424460 449
586744 125590 470
264704 448777 449
471127 813701 509
629099 580704 509
504228 232974 449
81371 536042 470
135423 15381 354
186657 726078 509
641663 466671 509
583274 652170 509
849497 80932 525
676113 483161 509
354092 608323 470
724150 624808 509
517439 202089 470
498734 385345 449
74848 514522 470
344848 107650 443
449412 390839 449
614708 648317 509
107688 954567 525
124574 714203 509
166077 172863 334
377977 292295 441
228997 90384 386
312076 321274 384
283183 832053 509
271096 403943 441
863451 795056 525
139705 720147 509
460848 484503 444
779887 494819 509
299445 586186 470
620016 317375 470
537119 242867 470
557828 106767 470
274412 798457 509
1972 853356 525
895668 856646 445
458760 811094 509
595682 706229 509
387319 245669 441
874256 903342 445
587848 219275 470
237291 304980 407
56923 532804 470
868685 406250 525
428880 8923 449
598168 72220 470
942218 424020 525
600787 204731 470
279047 811141 509
500024 652973 509
407142 700608 509
961614 362319 525
45232 466875 449
556181 233531 470
220987 967710 525
174803 170175 347
662055 359747 509
692864 296809 509
728280 72250 509
1038 262348 443
253842 911519 525
760844 116634 509
979401 137399 525
134724 542938 470
167 736794 509
487122 632362 509
995839 806476 525
457190 11703 449
127044 447925 449
709317 660658 504
477713 234293 449
899890 73606 525
364266 927605 525
814501 743114 468
517640 998151 525
353794 673987 509
285354 665016 509
166226 799495 509
42892 904702 525
281447 576391 470
356465 756273 509
593758 378368 470
822607 73464 509
256204 624319 470
460076 754585 509
659914 717214 504
842492 565128 525
477493 392599 449
663161 309034 509
380056 861527 525
494179 599424 470
440970 393829 449
752720 403154 509
433283 959144 525
989537 389989 525
250642 525496 470
380421 277193 441
398388 111707 443
761048 762764 362
818011 144872 509
572198 473429 470
171202 392677 443
282594 581934 470
729804 799439 468
817183 219348 509
657529 939824 525
73383 428838 449
38346 714517 509
253394 952666 525
66074 474434 449
122953 22566 354
991564 577819 525
470418 226354 449
218355 850914 525
103858 716626 509
504731 320677 449
216778 174267 386
167484 790354 509
45337 461092 449
668527 320887 509
956014 350469 525
763891 503246 509
337578 432186 449
527425 756759 509
203829 711282 509
211670 243426 443
84798 695430 509
695301 183144 509
734087 871125 525
997896 103294 525
403309 25646 443
899960 387292 525
424635 502667 444
602799 360382 470
937900 487108 525
422057 88686 449
218250 282519 443
