9818 820568 509
997325 279325 525
519424 816813 509
190695 970473 525
136285 36393 354
917736 389267 525
601669 906191 525
409165 667485 509
109695 99160 354
888891 909263 445
933333 993987 507
509246 601282 470
306551 122591 443
279442 82711 443
63517 86596 351
92757 245053 443
970755 851635 507
702298 716061 504
148626 125229 375
614471 790707 509
316117 373317 441
822239 486638 509
477564 160726 449
580621 417701 470
898371 136786 525
225505 498033 449
727134 189201 509
624356 479165 470
4710 416971 449
470692 817885 509
700063 45472 509
830137 627547 504
299304 985566 525
823207 204981 509
213050 718937 509
548783 619796 447
913111 247107 525
417308 94679 449
450368 583042 470
881173 173265 525
199955 680205 509
284252 704104 509
848519 734087 525
527602 880576 525
962092 176360 525
430206 105176 449
960047 364605 525
656713 217734 509
424930 861406 525
497057 647388 509
66933 582771 470
212928 338080 443
465584 143452 449
496537 907645 525
592046 493200 470
990634 52448 525
796280 466136 509
470315 450736 444
898953 244677 525
106506 956640 525
374301 6963 443
918400 870427 476
852956 652159 525
682976 838819 525
676151 966119 525
241988 206143 443
826825 29594 509
849393 836639 525
463674 478709 413
508687 641189 509
709117 380510 509
721423 254277 509
102590 611331 470
630524 397787 509
751134 722077 424
966404 848007 507
138999 862723 525
307748 865300 525
810286 101385 509
460029 73028 449
741374 358946 509
592470 623221 447
32138 964694 525
165001 764011 509
406295 548581 470
520784 786692 509
688499 293568 509
846008 856151 419
357605 175295 443
37098 544720 470
491294 904364 525
918834 750660 525
312540 628872 509
509840 685437 509
615334 224144 470
991261 679637 525
423059 91732 449
982520 6653 525
641600 472875 509
796777 19670 509
37771 232178 443
210565 933258 525
131268 321100 443
54503 745621 509
983504 746763 525
52140 747662 509
145602 550549 470
143592 380720 443
691090 728089 504
663141 537755 509
497259 278313 449
963809 932427 507
622114 116145 470
16956 848319 525
801869 842854 525
439376 347229 449
805955 691936 504
589182 703096 509
415848 903936 525
674562 226443 509
406711 268552 441
502459 18017 449
816798 501748 509
694627 671477 442
331489 848365 525
902436 42820 525
998887 933392 507
922482 957922 507
914971 548715 525
286262 297973 389
327857 527825 470
862353 933804 476
522196 206569 470
134090 6513 354
792942 27880 509
909024 324368 525
338895 718421 509
308687 425770 449
78726 102380 341
874332 492228 525
50327 366327 443
952727 536599 525
870207 156165 525
250442 821149 509
186528 63545 383
179533 166777 347
609479 812687 509
28245 834792 509
238863 90258 443
554690 244853 470
588388 824539 509
308570 797388 509
449725 32345 449
764315 192130 509
907585 926482 476
471411 430652 444
386076 393202 436
701815 943602 525
573693 576353 346
154583 527386 470
836888 265666 509
322278 520206 470
263599 362590 441
813402 68520 509
351033 420419 449
349064 877028 525
520257 850935 525
486406 825595 509
220014 417290 449
335969 821098 509
963594 179392 525
419323 902364 525
213808 424779 449
164432 580151 470
781586 96010 509
794800 455644 509
202950 791751 509
743192 199071 509
284440 419352 449
220661 993787 525
368465 415636 449
512889 421051 470
955474 505241 525
909046 152414 525
506853 903452 525
19598 613745 470
950961 893773 507
417156 558020 470
995399 870170 507
91073 232534 443
324089 159064 443
721822 789665 468
955107 538043 525
29511 131174 354
2189 279333 443
27678 953402 525
287896 481611 449
824349 153339 509
970659 345617 525
356494 342034 441
