792822 796171 468
4319 51435 324
67846 105606 351
70473 6823 340
74853 104397 351
98049 48267 351
599373 602390 403
941934 943439 339
110414 89135 354
83096 41547 351
82395 82393 90
52317 99492 351
97716 84026 333
89501 33112 351
198556 193527 360
106318 51522 354
41970 4581 324
82170 101457 341
33635 44932 324
112316 63971 354
41207 69753 340
2305 10038 262
18129 28213 308
81919 111517 354
2749 97953 351
196266 191459 360
75644 46921 340
104116 35717 351
19594 19744 212
68063 81202 351
414940 412892 374
50346 4727 324
82141 109963 354
664085 663584 367
96150 60939 351
41748 78968 351
38199 35373 324
9045 21434 279
23394 17909 274
43231 63229 340
38632 364 324
56933 69580 335
94864 83342 333
58977 32956 340
450461 448948 369
45119 92880 351
11582 83363 351
111246 107452 310
112229 100270 354
114123 124179 349
91359 106795 354
551425 549239 346
71564 48546 340
293234 296119 358
18137 71596 340
184095 182758 334
27154 30685 272
127201 122968 331
549933 550342 302
686190 683017 380
102268 49153 351
50853 109486 354
76002 15408 340
37219 20730 324
82256 26372 351
90925 61721 351
33236 62033 340
603598 604291 372
54235 63361 335
87100 81169 333
59856 65528 335
942282 943193 339
221702 213327 386
711705 707269 380
738825 738135 349
7936 52728 340
77420 103428 341
30755 42867 324
104550 94842 341
83518 90466 333
114473 128451 349
5013 19694 279
447265 449419 369
548961 550385 315
88314 103114 341
77672 110331 354
29659 83214 351
66860 35688 340
46614 61295 340
89002 101928 341
661427 661651 261
49707 59779 340
78317 24882 351
46083 33734 324
42917 58531 340
873795 873918 295
547149 550017 377
98212 69961 351
87741 61566 351
964250 964607 352
104139 51777 351
84924 106340 354
82283 111968 354
56058 78501 351
39210 113168 354
141667 146389 375
86599 21236 351
355206 351561 379
104459 14426 351
525677 527500 408
5305 33147 308
28190 104958 351
56674 11818 340
27810 81353 351
81859 40616 351
696918 695881 336
18519 10455 279
11580 89070 351
98028 62303 351
72546 83425 351
7339 109851 354
878963 875849 401
340830 346286 441
233669 236698 381
3191 87334 351
11279 81826 351
559530 553552 421
83866 48179 351
44877 77281 351
122952 114120 349
96192 1648 351
105498 45017 351
87190 54985 351
47297 51970 314
32058 10006 308
7206 103043 351
658802 664463 367
112366 37312 354
619920 615426 372
177546 175493 334
67790 100805 351
132822 131900 331
26665 78156 351
26866 21068 308
475345 472753 382
64740 88966 351
41832 52994 340
34122 59682 340
44008 6990 324
545233 548244 452
40060 43217 288
102887 67293 351
104087 61756 351
20762 96727 351
85640 4151 351
96394 1083 351
21817 102853 351
36743 73988 340
77166 95558 338
66882 42549 340
70867 12608 340
93990 56907 351
615 86438 351
35208 88234 351
74754 45595 340
22927 46139 324
26958 64585 340
32051 50341 324
496150 496923 289
33392 102098 351
77848 44773 351
397364 397543 268
